Starting Dynare (version 6.1).
Calling Dynare with arguments: none
Starting preprocessing of the model file ...
Found 9 equation(s).
Evaluating expressions...
Computing static model derivatives (order 1).
Normalizing the static model...
Finding the optimal block decomposition of the static model...
3 block(s) found:
  2 recursive block(s) and 1 simultaneous block(s).
  the largest simultaneous block has 7 equation(s)
                                 and 7 feedback variable(s).
Computing dynamic model derivatives (order 1).
Normalizing the dynamic model...
Finding the optimal block decomposition of the dynamic model...
2 block(s) found:
  1 recursive block(s) and 1 simultaneous block(s).
  the largest simultaneous block has 7 equation(s)
                                 and 5 feedback variable(s).
Preprocessing completed.
Preprocessing time: 0h00m00s.


Residuals of the static equations:
Equation number 1: c_s :       0.000000
Equation number 2: c_h :       0.000000
Equation number 3: y   :       0.000000
Equation number 4: n   :       0.000000
Equation number 5: w   :       0.000000
Equation number 6: pi  :       0.000000
Equation number 7: i   :       0.000000
Equation number 8: a   :       0.000000
Equation number 9: u   :       0.000000



STEADY-STATE RESULTS:

c_s 		 0
c_h 		 0
w   		 0
y   		 0
pi  		 0
i   		 0
a   		 0
u   		 0
n   		 0

EIGENVALUES:
         Modulus             Real        Imaginary
             0.9              0.9                0
             0.9              0.9                0
            1.52             1.52                0
            4.28             4.28                0

There are 2 eigenvalue(s) larger than 1 in modulus for 2 forward-looking variable(s)
The rank condition is verified.


MODEL SUMMARY

  Number of variables:         9
  Number of stochastic shocks: 3
  Number of state variables:   2
  Number of jumpers:           2
  Number of static variables:  5


MATRIX OF COVARIANCE OF EXOGENOUS SHOCKS
Variables       eps_a     eps_i     eps_u
eps_a        0.000100  0.000000  0.000000
eps_i        0.000000  0.000006  0.000000
eps_u        0.000000  0.000000  0.000100

POLICY AND TRANSITION FUNCTIONS
                                 c_s             c_h               w               y              pi               i
a(-1)                       0.043010               0        0.021505        0.032258        1.315305        1.989086
u(-1)                       0.169400        0.900000        0.534700        0.352050       -0.324150       -0.310199
eps_a                       0.047789               0        0.023895        0.035842        1.461450        2.210096
eps_i                      -0.156863               0       -0.078431       -0.117647       -0.522876        0.156863
eps_u                       0.188223        1.000000        0.594111        0.391167       -0.360166       -0.344666


MOMENTS OF SIMULATED VARIABLES
VARIABLE              MEAN       STD. DEV.        VARIANCE        SKEWNESS        KURTOSIS
c_s               0.000256        0.004254        0.000018       -0.073660       -0.060960
c_h               0.001384        0.022278        0.000496       -0.133528       -0.303606
w                 0.000820        0.013194        0.000174       -0.128834       -0.273642
y                 0.000538        0.008678        0.000075       -0.120057       -0.229492
pi               -0.000268        0.036804        0.001355        0.061773       -0.473544
i                -0.000046        0.054599        0.002981        0.081557       -0.449593


CORRELATION OF SIMULATED VARIABLES
VARIABLE        c_s      c_h        w        y       pi        i
c_s          1.0000   0.9597   0.9714   0.9836  -0.0220   0.0554
c_h          0.9597   1.0000   0.9990   0.9946  -0.2909  -0.2120
w            0.9714   0.9990   1.0000   0.9983  -0.2491  -0.1701
y            0.9836   0.9946   0.9983   1.0000  -0.1948  -0.1157
pi          -0.0220  -0.2909  -0.2491  -0.1948   1.0000   0.9958
i            0.0554  -0.2120  -0.1701  -0.1157   0.9958   1.0000


AUTOCORRELATION OF SIMULATED VARIABLES
VARIABLE         1       2       3       4       5
c_s         0.8928  0.8064  0.7248  0.6498  0.5802
c_h         0.8973  0.8094  0.7238  0.6494  0.5797
w           0.8974  0.8097  0.7245  0.6500  0.5803
y           0.8971  0.8097  0.7252  0.6505  0.5807
pi          0.9095  0.8210  0.7396  0.6636  0.5912
i           0.9100  0.8223  0.7414  0.6652  0.5926



VARIANCE DECOMPOSITION SIMULATING ONE SHOCK AT A TIME (in percent)
                  eps_a             eps_i             eps_u  Tot. lin. contr.
c_s                7.40              0.86             97.28            105.54
c_h                0.00              0.00            100.11            100.11
w                  0.19              0.02            100.75            100.96
y                  1.00              0.12            100.96            102.08
pi                92.42              0.13              4.76             97.31
i                 96.04              0.01              1.98             98.02
Note: numbers do not add up to 100 due to non-zero correlation of simulated shocks in small samples

Total computing time : 0h00m04s
